[02-Jul-2025 01:04:53 UTC] PHP Deprecated:  Creation of dynamic property WhichBrowser\Model\Os::$build is deprecated in /home/gponzghq/app.seamlessqrcode.com/vendor/nadar/parser/src/Analyser/Header/Useragent/Os.php on line 609
[02-Jul-2025 05:51:16 UTC] PHP Deprecated:  Creation of dynamic property WhichBrowser\Model\Os::$build is deprecated in /home/gponzghq/app.seamlessqrcode.com/vendor/nadar/parser/src/Analyser/Header/Useragent/Os.php on line 609
[02-Jul-2025 05:58:01 UTC] PHP Deprecated:  Creation of dynamic property WhichBrowser\Model\Os::$build is deprecated in /home/gponzghq/app.seamlessqrcode.com/vendor/nadar/parser/src/Analyser/Header/Useragent/Os.php on line 609
[02-Jul-2025 06:00:48 UTC] PHP Deprecated:  Creation of dynamic property WhichBrowser\Model\Os::$build is deprecated in /home/gponzghq/app.seamlessqrcode.com/vendor/nadar/parser/src/Analyser/Header/Useragent/Os.php on line 609
[02-Jul-2025 06:01:45 UTC] PHP Deprecated:  Creation of dynamic property WhichBrowser\Model\Os::$build is deprecated in /home/gponzghq/app.seamlessqrcode.com/vendor/nadar/parser/src/Analyser/Header/Useragent/Os.php on line 609
[02-Jul-2025 06:03:11 UTC] PHP Deprecated:  Creation of dynamic property WhichBrowser\Model\Os::$build is deprecated in /home/gponzghq/app.seamlessqrcode.com/vendor/nadar/parser/src/Analyser/Header/Useragent/Os.php on line 609
[02-Jul-2025 06:03:37 UTC] PHP Deprecated:  Creation of dynamic property WhichBrowser\Model\Os::$build is deprecated in /home/gponzghq/app.seamlessqrcode.com/vendor/nadar/parser/src/Analyser/Header/Useragent/Os.php on line 609
[02-Jul-2025 06:04:39 UTC] PHP Deprecated:  Creation of dynamic property WhichBrowser\Model\Os::$build is deprecated in /home/gponzghq/app.seamlessqrcode.com/vendor/nadar/parser/src/Analyser/Header/Useragent/Os.php on line 609
[02-Jul-2025 06:09:04 UTC] PHP Deprecated:  Creation of dynamic property WhichBrowser\Model\Os::$build is deprecated in /home/gponzghq/app.seamlessqrcode.com/vendor/nadar/parser/src/Analyser/Header/Useragent/Os.php on line 609
[02-Jul-2025 06:13:05 UTC] PHP Deprecated:  Creation of dynamic property WhichBrowser\Model\Os::$build is deprecated in /home/gponzghq/app.seamlessqrcode.com/vendor/nadar/parser/src/Analyser/Header/Useragent/Os.php on line 609
[02-Jul-2025 06:14:54 UTC] PHP Deprecated:  Creation of dynamic property WhichBrowser\Model\Os::$build is deprecated in /home/gponzghq/app.seamlessqrcode.com/vendor/nadar/parser/src/Analyser/Header/Useragent/Os.php on line 609
[02-Jul-2025 06:26:35 UTC] PHP Deprecated:  Creation of dynamic property WhichBrowser\Model\Os::$build is deprecated in /home/gponzghq/app.seamlessqrcode.com/vendor/nadar/parser/src/Analyser/Header/Useragent/Os.php on line 609
[02-Jul-2025 06:28:33 UTC] PHP Deprecated:  Creation of dynamic property WhichBrowser\Model\Os::$build is deprecated in /home/gponzghq/app.seamlessqrcode.com/vendor/nadar/parser/src/Analyser/Header/Useragent/Os.php on line 609
[02-Jul-2025 06:29:01 UTC] PHP Deprecated:  Creation of dynamic property WhichBrowser\Model\Os::$build is deprecated in /home/gponzghq/app.seamlessqrcode.com/vendor/nadar/parser/src/Analyser/Header/Useragent/Os.php on line 609
[02-Jul-2025 06:33:07 UTC] PHP Deprecated:  Creation of dynamic property WhichBrowser\Model\Os::$build is deprecated in /home/gponzghq/app.seamlessqrcode.com/vendor/nadar/parser/src/Analyser/Header/Useragent/Os.php on line 609
[02-Jul-2025 06:34:56 UTC] PHP Deprecated:  Creation of dynamic property WhichBrowser\Model\Os::$build is deprecated in /home/gponzghq/app.seamlessqrcode.com/vendor/nadar/parser/src/Analyser/Header/Useragent/Os.php on line 609
[02-Jul-2025 06:36:19 UTC] PHP Deprecated:  Creation of dynamic property WhichBrowser\Model\Os::$build is deprecated in /home/gponzghq/app.seamlessqrcode.com/vendor/nadar/parser/src/Analyser/Header/Useragent/Os.php on line 609
[02-Jul-2025 06:36:36 UTC] PHP Deprecated:  Creation of dynamic property WhichBrowser\Model\Os::$build is deprecated in /home/gponzghq/app.seamlessqrcode.com/vendor/nadar/parser/src/Analyser/Header/Useragent/Os.php on line 609
[02-Jul-2025 06:36:57 UTC] PHP Deprecated:  Creation of dynamic property WhichBrowser\Model\Os::$build is deprecated in /home/gponzghq/app.seamlessqrcode.com/vendor/nadar/parser/src/Analyser/Header/Useragent/Os.php on line 609
[02-Jul-2025 06:40:56 UTC] PHP Deprecated:  Creation of dynamic property WhichBrowser\Model\Os::$build is deprecated in /home/gponzghq/app.seamlessqrcode.com/vendor/nadar/parser/src/Analyser/Header/Useragent/Os.php on line 609
[02-Jul-2025 06:44:47 UTC] PHP Deprecated:  Creation of dynamic property WhichBrowser\Model\Os::$build is deprecated in /home/gponzghq/app.seamlessqrcode.com/vendor/nadar/parser/src/Analyser/Header/Useragent/Os.php on line 609
[02-Jul-2025 06:46:06 UTC] PHP Deprecated:  Creation of dynamic property WhichBrowser\Model\Os::$build is deprecated in /home/gponzghq/app.seamlessqrcode.com/vendor/nadar/parser/src/Analyser/Header/Useragent/Os.php on line 609
[02-Jul-2025 06:54:27 UTC] PHP Deprecated:  Creation of dynamic property WhichBrowser\Model\Os::$build is deprecated in /home/gponzghq/app.seamlessqrcode.com/vendor/nadar/parser/src/Analyser/Header/Useragent/Os.php on line 609
[02-Jul-2025 06:55:27 UTC] PHP Deprecated:  Creation of dynamic property WhichBrowser\Model\Os::$build is deprecated in /home/gponzghq/app.seamlessqrcode.com/vendor/nadar/parser/src/Analyser/Header/Useragent/Os.php on line 609
[02-Jul-2025 07:08:07 UTC] PHP Deprecated:  Creation of dynamic property WhichBrowser\Model\Os::$build is deprecated in /home/gponzghq/app.seamlessqrcode.com/vendor/nadar/parser/src/Analyser/Header/Useragent/Os.php on line 609
[02-Jul-2025 07:19:23 UTC] PHP Deprecated:  Creation of dynamic property WhichBrowser\Model\Os::$build is deprecated in /home/gponzghq/app.seamlessqrcode.com/vendor/nadar/parser/src/Analyser/Header/Useragent/Os.php on line 609
[02-Jul-2025 07:22:34 UTC] PHP Deprecated:  Creation of dynamic property WhichBrowser\Model\Os::$build is deprecated in /home/gponzghq/app.seamlessqrcode.com/vendor/nadar/parser/src/Analyser/Header/Useragent/Os.php on line 609
[02-Jul-2025 07:25:01 UTC] PHP Deprecated:  Creation of dynamic property WhichBrowser\Model\Os::$build is deprecated in /home/gponzghq/app.seamlessqrcode.com/vendor/nadar/parser/src/Analyser/Header/Useragent/Os.php on line 609
[02-Jul-2025 07:33:41 UTC] PHP Deprecated:  Creation of dynamic property WhichBrowser\Model\Os::$build is deprecated in /home/gponzghq/app.seamlessqrcode.com/vendor/nadar/parser/src/Analyser/Header/Useragent/Os.php on line 609
[02-Jul-2025 07:39:08 UTC] PHP Deprecated:  Creation of dynamic property WhichBrowser\Model\Os::$build is deprecated in /home/gponzghq/app.seamlessqrcode.com/vendor/nadar/parser/src/Analyser/Header/Useragent/Os.php on line 609
[02-Jul-2025 07:44:43 UTC] PHP Deprecated:  Creation of dynamic property WhichBrowser\Model\Os::$build is deprecated in /home/gponzghq/app.seamlessqrcode.com/vendor/nadar/parser/src/Analyser/Header/Useragent/Os.php on line 609
[02-Jul-2025 10:05:58 UTC] PHP Deprecated:  Creation of dynamic property WhichBrowser\Model\Os::$build is deprecated in /home/gponzghq/app.seamlessqrcode.com/vendor/nadar/parser/src/Analyser/Header/Useragent/Os.php on line 609
[02-Jul-2025 10:53:54 UTC] PHP Deprecated:  Creation of dynamic property WhichBrowser\Model\Os::$build is deprecated in /home/gponzghq/app.seamlessqrcode.com/vendor/nadar/parser/src/Analyser/Header/Useragent/Os.php on line 609
[02-Jul-2025 15:04:02 UTC] PHP Deprecated:  Creation of dynamic property WhichBrowser\Model\Os::$build is deprecated in /home/gponzghq/app.seamlessqrcode.com/vendor/nadar/parser/src/Analyser/Header/Useragent/Os.php on line 609
[02-Jul-2025 16:12:38 UTC] PHP Deprecated:  Creation of dynamic property WhichBrowser\Model\Os::$build is deprecated in /home/gponzghq/app.seamlessqrcode.com/vendor/nadar/parser/src/Analyser/Header/Useragent/Os.php on line 609
[02-Jul-2025 16:23:06 UTC] PHP Deprecated:  Creation of dynamic property WhichBrowser\Model\Os::$build is deprecated in /home/gponzghq/app.seamlessqrcode.com/vendor/nadar/parser/src/Analyser/Header/Useragent/Os.php on line 609
[02-Jul-2025 16:26:12 UTC] PHP Deprecated:  Creation of dynamic property WhichBrowser\Model\Os::$build is deprecated in /home/gponzghq/app.seamlessqrcode.com/vendor/nadar/parser/src/Analyser/Header/Useragent/Os.php on line 609
[02-Jul-2025 17:21:47 UTC] PHP Deprecated:  Creation of dynamic property WhichBrowser\Model\Os::$build is deprecated in /home/gponzghq/app.seamlessqrcode.com/vendor/nadar/parser/src/Analyser/Header/Useragent/Os.php on line 609
[02-Jul-2025 18:50:25 UTC] PHP Deprecated:  Creation of dynamic property WhichBrowser\Model\Os::$build is deprecated in /home/gponzghq/app.seamlessqrcode.com/vendor/nadar/parser/src/Analyser/Header/Useragent/Os.php on line 609
[02-Jul-2025 22:39:13 UTC] PHP Fatal error:  Uncaught Error: Undefined constant "Altum\SITE_url" in /home/gponzghq/app.seamlessqrcode.com/app/core/App.php:261
Stack trace:
#0 /home/gponzghq/app.seamlessqrcode.com/index.php(22): Altum\App->__construct()
#1 {main}
  thrown in /home/gponzghq/app.seamlessqrcode.com/app/core/App.php on line 261
[02-Jul-2025 22:39:13 UTC] PHP Fatal error:  Uncaught Error: Undefined constant "Altum\SITE_url" in /home/gponzghq/app.seamlessqrcode.com/app/core/App.php:261
Stack trace:
#0 /home/gponzghq/app.seamlessqrcode.com/index.php(22): Altum\App->__construct()
#1 {main}
  thrown in /home/gponzghq/app.seamlessqrcode.com/app/core/App.php on line 261
